0 info it worked if it ends with ok
1 verbose cli [ '/usr/bin/nodejs', '/usr/bin/npm', 'start' ]
2 info using npm@3.9.3
3 info using node@v4.8.2
4 verbose run-script [ 'prestart', 'start', 'poststart' ]
5 info lifecycle skripsi-azwar-polling@0.0.0~prestart: skripsi-azwar-polling@0.0.0
6 silly lifecycle skripsi-azwar-polling@0.0.0~prestart: no script for prestart, continuing
7 info lifecycle skripsi-azwar-polling@0.0.0~start: skripsi-azwar-polling@0.0.0
8 verbose lifecycle skripsi-azwar-polling@0.0.0~start: unsafe-perm in lifecycle true
9 verbose lifecycle skripsi-azwar-polling@0.0.0~start: PATH: /opt/nodejs/lib/node_modules/npm/bin/node-gyp-bin:/home/pi/nodejs/skripsi-azwar-polling/node_modules/.bin:/usr/bin:/usr/local/sbin:/usr/local/bin:/usr/sbin:/usr/bin:/sbin:/bin:/usr/local/games:/usr/games:/usr/local/bin
10 verbose lifecycle skripsi-azwar-polling@0.0.0~start: CWD: /home/pi/nodejs/skripsi-azwar-polling
11 silly lifecycle skripsi-azwar-polling@0.0.0~start: Args: [ '-c', 'node ./bin/www' ]
12 silly lifecycle skripsi-azwar-polling@0.0.0~start: Returned: code: 1  signal: null
13 info lifecycle skripsi-azwar-polling@0.0.0~start: Failed to exec start script
14 verbose stack Error: skripsi-azwar-polling@0.0.0 start: `node ./bin/www`
14 verbose stack Exit status 1
14 verbose stack     at EventEmitter.<anonymous> (/opt/nodejs/lib/node_modules/npm/lib/utils/lifecycle.js:245:16)
14 verbose stack     at emitTwo (events.js:87:13)
14 verbose stack     at EventEmitter.emit (events.js:172:7)
14 verbose stack     at ChildProcess.<anonymous> (/opt/nodejs/lib/node_modules/npm/lib/utils/spawn.js:24:14)
14 verbose stack     at emitTwo (events.js:87:13)
14 verbose stack     at ChildProcess.emit (events.js:172:7)
14 verbose stack     at maybeClose (internal/child_process.js:862:16)
14 verbose stack     at Process.ChildProcess._handle.onexit (internal/child_process.js:222:5)
15 verbose pkgid skripsi-azwar-polling@0.0.0
16 verbose cwd /home/pi/nodejs/skripsi-azwar-polling
17 error Linux 4.9.80+
18 error argv "/usr/bin/nodejs" "/usr/bin/npm" "start"
19 error node v4.8.2
20 error npm  v3.9.3
21 error code ELIFECYCLE
22 error skripsi-azwar-polling@0.0.0 start: `node ./bin/www`
22 error Exit status 1
23 error Failed at the skripsi-azwar-polling@0.0.0 start script 'node ./bin/www'.
23 error Make sure you have the latest version of node.js and npm installed.
23 error If you do, this is most likely a problem with the skripsi-azwar-polling package,
23 error not with npm itself.
23 error Tell the author that this fails on your system:
23 error     node ./bin/www
23 error You can get information on how to open an issue for this project with:
23 error     npm bugs skripsi-azwar-polling
23 error Or if that isn't available, you can get their info via:
23 error     npm owner ls skripsi-azwar-polling
23 error There is likely additional logging output above.
24 verbose exit [ 1, true ]
